1602094168512	geckodriver	INFO	Listening on 127.0.0.1:57917
1602094168520	mozrunner::runner	INFO	Running command: "/usr/bin/firefox" "--marionette" "-headless" "-foreground" "-no-remote" "-profile" "/tmp/rust_mozprofileGigpte"
*** You are running in headless mode.
console.error: SearchCache: "_readCacheFile: Error reading cache file:" (new Error("", "(unknown module)"))
1602094170674	Marionette	INFO	Listening on port 43779
1602094170728	Marionette	WARN	TLS certificate errors will be ignored for this session
1602094811491	geckodriver	INFO	Listening on 127.0.0.1:37335
1602094811499	mozrunner::runner	INFO	Running command: "/usr/bin/firefox" "--marionette" "-headless" "-foreground" "-no-remote" "-profile" "/tmp/rust_mozprofile54bnxO"
*** You are running in headless mode.
console.error: SearchCache: "_readCacheFile: Error reading cache file:" (new Error("", "(unknown module)"))
1602094813649	Marionette	INFO	Listening on port 41487
1602094813708	Marionette	WARN	TLS certificate errors will be ignored for this session
JavaScript warning: http://code.jquery.com/jquery-2.0.0.min.js, line 2: Using //@ to indicate sourceMappingURL pragmas is deprecated. Use //# instead
1602096049487	geckodriver	INFO	Listening on 127.0.0.1:44585
1602096049494	mozrunner::runner	INFO	Running command: "/usr/bin/firefox" "--marionette" "-headless" "-foreground" "-no-remote" "-profile" "/tmp/rust_mozprofileU9MHJ7"
*** You are running in headless mode.
console.error: SearchCache: "_readCacheFile: Error reading cache file:" (new Error("", "(unknown module)"))
1602096051516	Marionette	INFO	Listening on port 44019
1602096051602	Marionette	WARN	TLS certificate errors will be ignored for this session
JavaScript warning: http://code.jquery.com/jquery-2.0.0.min.js, line 2: Using //@ to indicate sourceMappingURL pragmas is deprecated. Use //# instead
1602096093107	geckodriver	INFO	Listening on 127.0.0.1:51349
1602096093113	mozrunner::runner	INFO	Running command: "/usr/bin/firefox" "--marionette" "-headless" "-foreground" "-no-remote" "-profile" "/tmp/rust_mozprofileKCpr54"
*** You are running in headless mode.
console.error: SearchCache: "_readCacheFile: Error reading cache file:" (new Error("", "(unknown module)"))
1602096095061	Marionette	INFO	Listening on port 36267
1602096095120	Marionette	WARN	TLS certificate errors will be ignored for this session
JavaScript warning: http://code.jquery.com/jquery-2.0.0.min.js, line 2: Using //@ to indicate sourceMappingURL pragmas is deprecated. Use //# instead
1602096509106	geckodriver	INFO	Listening on 127.0.0.1:40013
1602096509115	mozrunner::runner	INFO	Running command: "/usr/bin/firefox" "--marionette" "-headless" "-foreground" "-no-remote" "-profile" "/tmp/rust_mozprofile7GfNeX"
*** You are running in headless mode.
console.error: SearchCache: "_readCacheFile: Error reading cache file:" (new Error("", "(unknown module)"))
1602096511190	Marionette	INFO	Listening on port 43131
1602096511221	Marionette	WARN	TLS certificate errors will be ignored for this session
JavaScript warning: http://code.jquery.com/jquery-2.0.0.min.js, line 2: Using //@ to indicate sourceMappingURL pragmas is deprecated. Use //# instead
1602096647082	geckodriver	INFO	Listening on 127.0.0.1:32987
1602096647090	mozrunner::runner	INFO	Running command: "/usr/bin/firefox" "--marionette" "-headless" "-foreground" "-no-remote" "-profile" "/tmp/rust_mozprofilew140N6"
*** You are running in headless mode.
console.error: SearchCache: "_readCacheFile: Error reading cache file:" (new Error("", "(unknown module)"))
1602096649173	Marionette	INFO	Listening on port 44205
1602096649196	Marionette	WARN	TLS certificate errors will be ignored for this session
JavaScript warning: http://code.jquery.com/jquery-2.0.0.min.js, line 2: Using //@ to indicate sourceMappingURL pragmas is deprecated. Use //# instead
1602096711435	geckodriver	INFO	Listening on 127.0.0.1:39103
1602096711441	mozrunner::runner	INFO	Running command: "/usr/bin/firefox" "--marionette" "-headless" "-foreground" "-no-remote" "-profile" "/tmp/rust_mozprofilejN7R1F"
*** You are running in headless mode.
console.error: SearchCache: "_readCacheFile: Error reading cache file:" (new Error("", "(unknown module)"))
1602096713797	Marionette	INFO	Listening on port 42749
1602096713849	Marionette	WARN	TLS certificate errors will be ignored for this session
JavaScript warning: http://code.jquery.com/jquery-2.0.0.min.js, line 2: Using //@ to indicate sourceMappingURL pragmas is deprecated. Use //# instead
1602096854619	geckodriver	INFO	Listening on 127.0.0.1:46011
1602096854627	mozrunner::runner	INFO	Running command: "/usr/bin/firefox" "--marionette" "-headless" "-foreground" "-no-remote" "-profile" "/tmp/rust_mozprofileWf15it"
*** You are running in headless mode.
console.error: SearchCache: "_readCacheFile: Error reading cache file:" (new Error("", "(unknown module)"))
1602096856729	Marionette	INFO	Listening on port 41937
1602096856739	Marionette	WARN	TLS certificate errors will be ignored for this session
JavaScript warning: http://code.jquery.com/jquery-2.0.0.min.js, line 2: Using //@ to indicate sourceMappingURL pragmas is deprecated. Use //# instead
1602150335521	geckodriver	INFO	Listening on 127.0.0.1:59957
1602150336587	mozrunner::runner	INFO	Running command: "/usr/bin/firefox" "--marionette" "-headless" "-foreground" "-no-remote" "-profile" "/tmp/rust_mozprofileDl4Trx"
*** You are running in headless mode.
console.error: SearchCache: "_readCacheFile: Error reading cache file:" (new Error("", "(unknown module)"))
1602150344807	Marionette	INFO	Listening on port 40755
1602150344844	Marionette	WARN	TLS certificate errors will be ignored for this session
JavaScript warning: http://code.jquery.com/jquery-2.0.0.min.js, line 2: Using //@ to indicate sourceMappingURL pragmas is deprecated. Use //# instead
1602150467812	geckodriver	INFO	Listening on 127.0.0.1:59985
1602150467841	mozrunner::runner	INFO	Running command: "/usr/bin/firefox" "--marionette" "-headless" "-foreground" "-no-remote" "-profile" "/tmp/rust_mozprofileT5c5WB"
*** You are running in headless mode.
console.error: SearchCache: "_readCacheFile: Error reading cache file:" (new Error("", "(unknown module)"))
1602150474496	Marionette	INFO	Listening on port 43121
1602150474588	Marionette	WARN	TLS certificate errors will be ignored for this session
1602150555365	geckodriver	INFO	Listening on 127.0.0.1:51591
1602150555379	mozrunner::runner	INFO	Running command: "/usr/bin/firefox" "--marionette" "-headless" "-foreground" "-no-remote" "-profile" "/tmp/rust_mozprofile6onC9G"
*** You are running in headless mode.
console.error: SearchCache: "_readCacheFile: Error reading cache file:" (new Error("", "(unknown module)"))
1602150563088	Marionette	INFO	Listening on port 45295
1602150563146	Marionette	WARN	TLS certificate errors will be ignored for this session
JavaScript warning: http://code.jquery.com/jquery-2.0.0.min.js, line 2: Using //@ to indicate sourceMappingURL pragmas is deprecated. Use //# instead
1602150596739	geckodriver	INFO	Listening on 127.0.0.1:47251
1602150596769	mozrunner::runner	INFO	Running command: "/usr/bin/firefox" "--marionette" "-headless" "-foreground" "-no-remote" "-profile" "/tmp/rust_mozprofileOvaOBb"
*** You are running in headless mode.
console.error: SearchCache: "_readCacheFile: Error reading cache file:" (new Error("", "(unknown module)"))
1602150602949	Marionette	INFO	Listening on port 45861
1602150603328	Marionette	WARN	TLS certificate errors will be ignored for this session
JavaScript warning: http://code.jquery.com/jquery-2.0.0.min.js, line 2: Using //@ to indicate sourceMappingURL pragmas is deprecated. Use //# instead
1602150666980	geckodriver	INFO	Listening on 127.0.0.1:52105
1602150667011	mozrunner::runner	INFO	Running command: "/usr/bin/firefox" "--marionette" "-headless" "-foreground" "-no-remote" "-profile" "/tmp/rust_mozprofileN15vlp"
*** You are running in headless mode.
console.error: SearchCache: "_readCacheFile: Error reading cache file:" (new Error("", "(unknown module)"))
1602150672741	Marionette	INFO	Listening on port 38287
1602150672765	Marionette	WARN	TLS certificate errors will be ignored for this session
JavaScript warning: http://code.jquery.com/jquery-2.0.0.min.js, line 2: Using //@ to indicate sourceMappingURL pragmas is deprecated. Use //# instead
1602151630207	geckodriver	INFO	Listening on 127.0.0.1:46595
1602151630226	mozrunner::runner	INFO	Running command: "/usr/bin/firefox" "--marionette" "-headless" "-foreground" "-no-remote" "-profile" "/tmp/rust_mozprofile3hQPYU"
*** You are running in headless mode.
console.error: SearchCache: "_readCacheFile: Error reading cache file:" (new Error("", "(unknown module)"))
1602151636720	Marionette	INFO	Listening on port 45309
1602151636795	Marionette	WARN	TLS certificate errors will be ignored for this session
JavaScript warning: http://code.jquery.com/jquery-2.0.0.min.js, line 2: Using //@ to indicate sourceMappingURL pragmas is deprecated. Use //# instead
1602151670548	geckodriver	INFO	Listening on 127.0.0.1:54027
1602151670570	mozrunner::runner	INFO	Running command: "/usr/bin/firefox" "--marionette" "-headless" "-foreground" "-no-remote" "-profile" "/tmp/rust_mozprofileqaX19y"
*** You are running in headless mode.
console.error: SearchCache: "_readCacheFile: Error reading cache file:" (new Error("", "(unknown module)"))
1602151677223	Marionette	INFO	Listening on port 36773
1602151677332	Marionette	WARN	TLS certificate errors will be ignored for this session
JavaScript warning: http://code.jquery.com/jquery-2.0.0.min.js, line 2: Using //@ to indicate sourceMappingURL pragmas is deprecated. Use //# instead
1602151807079	geckodriver	INFO	Listening on 127.0.0.1:49383
1602151807107	mozrunner::runner	INFO	Running command: "/usr/bin/firefox" "--marionette" "-headless" "-foreground" "-no-remote" "-profile" "/tmp/rust_mozprofilerpCYNG"
*** You are running in headless mode.
console.error: SearchCache: "_readCacheFile: Error reading cache file:" (new Error("", "(unknown module)"))
1602151815195	Marionette	INFO	Listening on port 32917
1602151815228	Marionette	WARN	TLS certificate errors will be ignored for this session
JavaScript warning: http://code.jquery.com/jquery-2.0.0.min.js, line 2: Using //@ to indicate sourceMappingURL pragmas is deprecated. Use //# instead
1602151888080	geckodriver	INFO	Listening on 127.0.0.1:51995
1602151888099	mozrunner::runner	INFO	Running command: "/usr/bin/firefox" "--marionette" "-headless" "-foreground" "-no-remote" "-profile" "/tmp/rust_mozprofileRB38FN"
*** You are running in headless mode.
console.error: SearchCache: "_readCacheFile: Error reading cache file:" (new Error("", "(unknown module)"))
1602151895549	Marionette	INFO	Listening on port 33255
1602151895581	Marionette	WARN	TLS certificate errors will be ignored for this session
JavaScript warning: http://code.jquery.com/jquery-2.0.0.min.js, line 2: Using //@ to indicate sourceMappingURL pragmas is deprecated. Use //# instead
1602151939391	geckodriver	INFO	Listening on 127.0.0.1:41233
1602151939405	mozrunner::runner	INFO	Running command: "/usr/bin/firefox" "--marionette" "-headless" "-foreground" "-no-remote" "-profile" "/tmp/rust_mozprofilejOQbsO"
*** You are running in headless mode.
console.error: SearchCache: "_readCacheFile: Error reading cache file:" (new Error("", "(unknown module)"))
1602151946750	Marionette	INFO	Listening on port 34489
1602151946786	Marionette	WARN	TLS certificate errors will be ignored for this session
JavaScript warning: http://code.jquery.com/jquery-2.0.0.min.js, line 2: Using //@ to indicate sourceMappingURL pragmas is deprecated. Use //# instead
1602152100652	geckodriver	INFO	Listening on 127.0.0.1:39065
1602152100676	mozrunner::runner	INFO	Running command: "/usr/bin/firefox" "--marionette" "-headless" "-foreground" "-no-remote" "-profile" "/tmp/rust_mozprofilewsB5e4"
*** You are running in headless mode.
console.error: SearchCache: "_readCacheFile: Error reading cache file:" (new Error("", "(unknown module)"))
1602152111316	Marionette	INFO	Listening on port 39441
1602152111455	Marionette	WARN	TLS certificate errors will be ignored for this session
1602152560067	geckodriver	INFO	Listening on 127.0.0.1:39185
1602152560077	mozrunner::runner	INFO	Running command: "/usr/bin/firefox" "--marionette" "-headless" "-foreground" "-no-remote" "-profile" "/tmp/rust_mozprofileO2RM8z"
*** You are running in headless mode.
console.error: SearchCache: "_readCacheFile: Error reading cache file:" (new Error("", "(unknown module)"))
1602152564850	Marionette	INFO	Listening on port 46329
1602152564956	Marionette	WARN	TLS certificate errors will be ignored for this session
1602152605433	geckodriver	INFO	Listening on 127.0.0.1:51489
1602152605444	mozrunner::runner	INFO	Running command: "/usr/bin/firefox" "--marionette" "-headless" "-foreground" "-no-remote" "-profile" "/tmp/rust_mozprofile39bckp"
*** You are running in headless mode.
console.error: SearchCache: "_readCacheFile: Error reading cache file:" (new Error("", "(unknown module)"))
1602152610101	Marionette	INFO	Listening on port 39443
1602152610169	Marionette	WARN	TLS certificate errors will be ignored for this session
1602152671755	geckodriver	INFO	Listening on 127.0.0.1:58097
1602152671801	mozrunner::runner	INFO	Running command: "/usr/bin/firefox" "--marionette" "-headless" "-foreground" "-no-remote" "-profile" "/tmp/rust_mozprofileK7qXxw"
*** You are running in headless mode.
console.error: SearchCache: "_readCacheFile: Error reading cache file:" (new Error("", "(unknown module)"))
1602152676942	Marionette	INFO	Listening on port 36597
1602152677031	Marionette	WARN	TLS certificate errors will be ignored for this session
1602153116103	geckodriver	INFO	Listening on 127.0.0.1:40407
1602153116129	mozrunner::runner	INFO	Running command: "/usr/bin/firefox" "--marionette" "-headless" "-foreground" "-no-remote" "-profile" "/tmp/rust_mozprofileqNGorY"
*** You are running in headless mode.
console.error: SearchCache: "_readCacheFile: Error reading cache file:" (new Error("", "(unknown module)"))
1602153124490	Marionette	INFO	Listening on port 46437
1602153124529	Marionette	WARN	TLS certificate errors will be ignored for this session
1602153176078	geckodriver	INFO	Listening on 127.0.0.1:56661
1602153176108	mozrunner::runner	INFO	Running command: "/usr/bin/firefox" "--marionette" "-headless" "-foreground" "-no-remote" "-profile" "/tmp/rust_mozprofiletKviWV"
*** You are running in headless mode.
console.error: SearchCache: "_readCacheFile: Error reading cache file:" (new Error("", "(unknown module)"))
1602153184638	Marionette	INFO	Listening on port 33935
1602153184677	Marionette	WARN	TLS certificate errors will be ignored for this session
1602153413069	geckodriver	INFO	Listening on 127.0.0.1:43973
1602153413083	mozrunner::runner	INFO	Running command: "/usr/bin/firefox" "--marionette" "-headless" "-foreground" "-no-remote" "-profile" "/tmp/rust_mozprofilebYwixn"
*** You are running in headless mode.
console.error: SearchCache: "_readCacheFile: Error reading cache file:" (new Error("", "(unknown module)"))
1602153420884	Marionette	INFO	Listening on port 44267
1602153420951	Marionette	WARN	TLS certificate errors will be ignored for this session
JavaScript error: http://entelechy.daiict.ac.in/public_html/entelechy_v2/wp-includes/js/jquery/jquery-migrate.min.js?ver=1.2.1, line 2: ReferenceError: jQuery is not defined
1602153607167	geckodriver	INFO	Listening on 127.0.0.1:39075
1602153607221	mozrunner::runner	INFO	Running command: "/usr/bin/firefox" "--marionette" "-headless" "-foreground" "-no-remote" "-profile" "/tmp/rust_mozprofileBN4I6m"
*** You are running in headless mode.
console.error: SearchCache: "_readCacheFile: Error reading cache file:" (new Error("", "(unknown module)"))
1602153614830	Marionette	INFO	Listening on port 38919
1602153614900	Marionette	WARN	TLS certificate errors will be ignored for this session
1602153643547	geckodriver	INFO	Listening on 127.0.0.1:38999
1602153643555	mozrunner::runner	INFO	Running command: "/usr/bin/firefox" "--marionette" "-headless" "-foreground" "-no-remote" "-profile" "/tmp/rust_mozprofileIuigdF"
*** You are running in headless mode.
console.error: SearchCache: "_readCacheFile: Error reading cache file:" (new Error("", "(unknown module)"))
1602153646395	Marionette	INFO	Listening on port 34011
1602153646465	Marionette	WARN	TLS certificate errors will be ignored for this session
1602153928252	geckodriver	INFO	Listening on 127.0.0.1:58207
1602153928263	mozrunner::runner	INFO	Running command: "/usr/bin/firefox" "--marionette" "-headless" "-foreground" "-no-remote" "-profile" "/tmp/rust_mozprofileLsBbty"
*** You are running in headless mode.
console.error: SearchCache: "_readCacheFile: Error reading cache file:" (new Error("", "(unknown module)"))
1602153934533	Marionette	INFO	Listening on port 46407
1602153934630	Marionette	WARN	TLS certificate errors will be ignored for this session
1602154089612	geckodriver	INFO	Listening on 127.0.0.1:53651
1602154089620	mozrunner::runner	INFO	Running command: "/usr/bin/firefox" "--marionette" "-headless" "-foreground" "-no-remote" "-profile" "/tmp/rust_mozprofile4fLHt4"
*** You are running in headless mode.
console.error: SearchCache: "_readCacheFile: Error reading cache file:" (new Error("", "(unknown module)"))
1602154093737	Marionette	INFO	Listening on port 42185
1602154093757	Marionette	WARN	TLS certificate errors will be ignored for this session
1602154197814	geckodriver	INFO	Listening on 127.0.0.1:35259
1602154197821	mozrunner::runner	INFO	Running command: "/usr/bin/firefox" "--marionette" "-headless" "-foreground" "-no-remote" "-profile" "/tmp/rust_mozprofileIDEKz9"
*** You are running in headless mode.
console.error: SearchCache: "_readCacheFile: Error reading cache file:" (new Error("", "(unknown module)"))
1602154201132	Marionette	INFO	Listening on port 38889
1602154201139	Marionette	WARN	TLS certificate errors will be ignored for this session
1602154374113	geckodriver	INFO	Listening on 127.0.0.1:51889
1602154374122	mozrunner::runner	INFO	Running command: "/usr/bin/firefox" "--marionette" "-headless" "-foreground" "-no-remote" "-profile" "/tmp/rust_mozprofilerCcZDB"
*** You are running in headless mode.
console.error: SearchCache: "_readCacheFile: Error reading cache file:" (new Error("", "(unknown module)"))
1602154378196	Marionette	INFO	Listening on port 46213
1602154378255	Marionette	WARN	TLS certificate errors will be ignored for this session
1602154457833	geckodriver	INFO	Listening on 127.0.0.1:47221
1602154457840	mozrunner::runner	INFO	Running command: "/usr/bin/firefox" "--marionette" "-headless" "-foreground" "-no-remote" "-profile" "/tmp/rust_mozprofileDo1lHs"
*** You are running in headless mode.
console.error: SearchCache: "_readCacheFile: Error reading cache file:" (new Error("", "(unknown module)"))
1602154460884	Marionette	INFO	Listening on port 32951
1602154460957	Marionette	WARN	TLS certificate errors will be ignored for this session
1602154874984	geckodriver	INFO	Listening on 127.0.0.1:40415
1602154874992	mozrunner::runner	INFO	Running command: "/usr/bin/firefox" "--marionette" "-headless" "-foreground" "-no-remote" "-profile" "/tmp/rust_mozprofilev4LvPI"
*** You are running in headless mode.
console.error: SearchCache: "_readCacheFile: Error reading cache file:" (new Error("", "(unknown module)"))
1602154878500	Marionette	INFO	Listening on port 44467
1602154878513	Marionette	WARN	TLS certificate errors will be ignored for this session
1602155042698	geckodriver	INFO	Listening on 127.0.0.1:46255
1602155042709	mozrunner::runner	INFO	Running command: "/usr/bin/firefox" "--marionette" "-headless" "-foreground" "-no-remote" "-profile" "/tmp/rust_mozprofileELlx4W"
*** You are running in headless mode.
console.error: SearchCache: "_readCacheFile: Error reading cache file:" (new Error("", "(unknown module)"))
1602155050458	Marionette	INFO	Listening on port 33681
1602155050531	Marionette	WARN	TLS certificate errors will be ignored for this session
1602158177450	geckodriver	INFO	Listening on 127.0.0.1:47901
1602158177457	mozrunner::runner	INFO	Running command: "/usr/bin/firefox" "--marionette" "-headless" "-foreground" "-no-remote" "-profile" "/tmp/rust_mozprofileHz6bXf"
*** You are running in headless mode.
console.error: SearchCache: "_readCacheFile: Error reading cache file:" (new Error("", "(unknown module)"))
1602158185683	Marionette	INFO	Listening on port 43307
1602158185757	Marionette	WARN	TLS certificate errors will be ignored for this session
1602158245735	geckodriver	INFO	Listening on 127.0.0.1:36787
1602158245744	mozrunner::runner	INFO	Running command: "/usr/bin/firefox" "--marionette" "-headless" "-foreground" "-no-remote" "-profile" "/tmp/rust_mozprofileo9yiPf"
*** You are running in headless mode.
console.error: SearchCache: "_readCacheFile: Error reading cache file:" (new Error("", "(unknown module)"))
1602158254171	Marionette	INFO	Listening on port 40285
1602158254233	Marionette	WARN	TLS certificate errors will be ignored for this session
1602158376962	geckodriver	INFO	Listening on 127.0.0.1:57403
1602158376970	mozrunner::runner	INFO	Running command: "/usr/bin/firefox" "--marionette" "-headless" "-foreground" "-no-remote" "-profile" "/tmp/rust_mozprofilexex0jD"
*** You are running in headless mode.
console.error: SearchCache: "_readCacheFile: Error reading cache file:" (new Error("", "(unknown module)"))
1602158381653	Marionette	INFO	Listening on port 37293
1602158381685	Marionette	WARN	TLS certificate errors will be ignored for this session
1602158469391	geckodriver	INFO	Listening on 127.0.0.1:56085
1602158469397	mozrunner::runner	INFO	Running command: "/usr/bin/firefox" "--marionette" "-headless" "-foreground" "-no-remote" "-profile" "/tmp/rust_mozprofileQZtbsS"
*** You are running in headless mode.
console.error: SearchCache: "_readCacheFile: Error reading cache file:" (new Error("", "(unknown module)"))
1602158473218	Marionette	INFO	Listening on port 41021
1602158473313	Marionette	WARN	TLS certificate errors will be ignored for this session
1602158598890	geckodriver	INFO	Listening on 127.0.0.1:42361
1602158598896	mozrunner::runner	INFO	Running command: "/usr/bin/firefox" "--marionette" "-headless" "-foreground" "-no-remote" "-profile" "/tmp/rust_mozprofilegzBkJv"
*** You are running in headless mode.
console.error: SearchCache: "_readCacheFile: Error reading cache file:" (new Error("", "(unknown module)"))
1602158602744	Marionette	INFO	Listening on port 35761
1602158602819	Marionette	WARN	TLS certificate errors will be ignored for this session
JavaScript error: http://entelechy.daiict.ac.in/public_html/entelechy_v2/wp-includes/js/jquery/jquery-migrate.min.js?ver=1.2.1, line 2: ReferenceError: jQuery is not defined
1602158692058	geckodriver	INFO	Listening on 127.0.0.1:52361
1602158692065	mozrunner::runner	INFO	Running command: "/usr/bin/firefox" "--marionette" "-headless" "-foreground" "-no-remote" "-profile" "/tmp/rust_mozprofileFayXAq"
*** You are running in headless mode.
console.error: SearchCache: "_readCacheFile: Error reading cache file:" (new Error("", "(unknown module)"))
1602158699948	Marionette	INFO	Listening on port 45199
1602158700008	Marionette	WARN	TLS certificate errors will be ignored for this session
1602158844661	geckodriver	INFO	Listening on 127.0.0.1:58511
1602158844667	mozrunner::runner	INFO	Running command: "/usr/bin/firefox" "--marionette" "-headless" "-foreground" "-no-remote" "-profile" "/tmp/rust_mozprofile4fu8bo"
*** You are running in headless mode.
console.error: SearchCache: "_readCacheFile: Error reading cache file:" (new Error("", "(unknown module)"))
1602158847514	Marionette	INFO	Listening on port 40831
1602158847759	Marionette	WARN	TLS certificate errors will be ignored for this session
1602159189881	geckodriver	INFO	Listening on 127.0.0.1:34657
1602159190898	mozrunner::runner	INFO	Running command: "/usr/bin/firefox" "--marionette" "-headless" "-foreground" "-no-remote" "-profile" "/tmp/rust_mozprofileRiFyVs"
*** You are running in headless mode.
console.error: SearchCache: "_readCacheFile: Error reading cache file:" (new Error("", "(unknown module)"))
1602159197344	Marionette	INFO	Listening on port 34157
1602159197438	Marionette	WARN	TLS certificate errors will be ignored for this session
1602159346305	geckodriver	INFO	Listening on 127.0.0.1:51527
1602159347324	mozrunner::runner	INFO	Running command: "/usr/bin/firefox" "--marionette" "-headless" "-foreground" "-no-remote" "-profile" "/tmp/rust_mozprofileSNyEli"
*** You are running in headless mode.
console.error: SearchCache: "_readCacheFile: Error reading cache file:" (new Error("", "(unknown module)"))
A content process crashed and MOZ_CRASHREPORTER_SHUTDOWN is set, shutting down
1602159352400	Marionette	INFO	Stopped listening on port 34157
1602159352459	Marionette	INFO	Listening on port 44129
1602159352552	Marionette	WARN	TLS certificate errors will be ignored for this session
1602159398711	Marionette	INFO	Stopped listening on port 44129
Exiting due to channel error.
Exiting due to channel error.
Exiting due to channel error.
Exiting due to channel error.
Exiting due to channel error.
Exiting due to channel error.
A content process crashed and MOZ_CRASHREPORTER_SHUTDOWN is set, shutting down
1602159482980	Marionette	INFO	Stopped listening on port 37293
Exiting due to channel error.
Exiting due to channel error.
Exiting due to channel error.
Exiting due to channel error.
Exiting due to channel error.
Exiting due to channel error.
A content process crashed and MOZ_CRASHREPORTER_SHUTDOWN is set, shutting down
1602159500078	Marionette	INFO	Stopped listening on port 43307
A content process crashed and MOZ_CRASHREPORTER_SHUTDOWN is set, shutting down
1602159521665	Marionette	INFO	Stopped listening on port 33681

###!!! [Parent][RunMessage] Error: Channel closing: too late to send/recv, messages will be lost


###!!! [Parent][MessageChannel] Error: (msgtype=0x390141,name=PContent::Msg_AsyncMessage) Channel error: cannot send/recv

A content process crashed and MOZ_CRASHREPORTER_SHUTDOWN is set, shutting down
1602159538840	Marionette	INFO	Stopped listening on port 32951
A content process crashed and MOZ_CRASHREPORTER_SHUTDOWN is set, shutting down
1602159545861	Marionette	INFO	Stopped listening on port 46213

###!!! [Parent][MessageChannel] Error: (msgtype=0x390141,name=PContent::Msg_AsyncMessage) Channel error: cannot send/recv

A content process crashed and MOZ_CRASHREPORTER_SHUTDOWN is set, shutting down
1602159558851	Marionette	INFO	Stopped listening on port 41021
A content process crashed and MOZ_CRASHREPORTER_SHUTDOWN is set, shutting down
1602159581734	Marionette	INFO	Stopped listening on port 44467
A content process crashed and MOZ_CRASHREPORTER_SHUTDOWN is set, shutting down
1602159588532	Marionette	INFO	Stopped listening on port 46407
Exiting due to channel error.
Exiting due to channel error.
Exiting due to channel error.
A content process crashed and MOZ_CRASHREPORTER_SHUTDOWN is set, shutting down
1602159604965	Marionette	INFO	Stopped listening on port 42185
Exiting due to channel error.
Exiting due to channel error.
Exiting due to channel error.
Exiting due to channel error.
Exiting due to channel error.
Exiting due to channel error.
A content process crashed and MOZ_CRASHREPORTER_SHUTDOWN is set, shutting down
1602159637010	Marionette	INFO	Stopped listening on port 46437
A content process crashed and MOZ_CRASHREPORTER_SHUTDOWN is set, shutting down
1602159640819	Marionette	INFO	Stopped listening on port 36597
A content process crashed and MOZ_CRASHREPORTER_SHUTDOWN is set, shutting down
1602159648629	Marionette	INFO	Stopped listening on port 39443
A content process crashed and MOZ_CRASHREPORTER_SHUTDOWN is set, shutting down
1602159660136	Marionette	INFO	Stopped listening on port 44267
A content process crashed and MOZ_CRASHREPORTER_SHUTDOWN is set, shutting down
1602159663653	Marionette	INFO	Stopped listening on port 33935

###!!! [Parent][MessageChannel] Error: (msgtype=0x390141,name=PContent::Msg_AsyncMessage) Channel error: cannot send/recv

A content process crashed and MOZ_CRASHREPORTER_SHUTDOWN is set, shutting down
1602159670616	Marionette	INFO	Stopped listening on port 46329
Exiting due to channel error.
Exiting due to channel error.
Exiting due to channel error.
A content process crashed and MOZ_CRASHREPORTER_SHUTDOWN is set, shutting down
1602159678928	Marionette	INFO	Stopped listening on port 34489
A content process crashed and MOZ_CRASHREPORTER_SHUTDOWN is set, shutting down
1602159723266	Marionette	INFO	Stopped listening on port 33255
A content process crashed and MOZ_CRASHREPORTER_SHUTDOWN is set, shutting down
1602159728673	Marionette	INFO	Stopped listening on port 36773
A content process crashed and MOZ_CRASHREPORTER_SHUTDOWN is set, shutting down
1602159736754	Marionette	INFO	Stopped listening on port 45309
A content process crashed and MOZ_CRASHREPORTER_SHUTDOWN is set, shutting down
1602159740289	Marionette	INFO	Stopped listening on port 38287
Exiting due to channel error.
Exiting due to channel error.
Exiting due to channel error.
Exiting due to channel error.
Exiting due to channel error.
Exiting due to channel error.
A content process crashed and MOZ_CRASHREPORTER_SHUTDOWN is set, shutting down
1602159766622	Marionette	INFO	Stopped listening on port 45295

###!!! [Parent][MessageChannel] Error: (msgtype=0x390141,name=PContent::Msg_AsyncMessage) Channel error: cannot send/recv

A content process crashed and MOZ_CRASHREPORTER_SHUTDOWN is set, shutting down
1602159770320	Marionette	INFO	Stopped listening on port 45861
Exiting due to channel error.
Exiting due to channel error.
Exiting due to channel error.
A content process crashed and MOZ_CRASHREPORTER_SHUTDOWN is set, shutting down
1602159792970	Marionette	INFO	Stopped listening on port 41937
A content process crashed and MOZ_CRASHREPORTER_SHUTDOWN is set, shutting down
1602159799427	Marionette	INFO	Stopped listening on port 43131
A content process crashed and MOZ_CRASHREPORTER_SHUTDOWN is set, shutting down
1602159802495	Marionette	INFO	Stopped listening on port 44205
A content process crashed and MOZ_CRASHREPORTER_SHUTDOWN is set, shutting down
1602159808144	Marionette	INFO	Stopped listening on port 42749
Exiting due to channel error.
Exiting due to channel error.
Exiting due to channel error.
Exiting due to channel error.
Exiting due to channel error.
Exiting due to channel error.
Exiting due to channel error.
Exiting due to channel error.
Exiting due to channel error.
Exiting due to channel error.
Exiting due to channel error.
Exiting due to channel error.
1602160090957	geckodriver	INFO	Listening on 127.0.0.1:48149
1602160090966	mozrunner::runner	INFO	Running command: "/usr/bin/firefox" "--marionette" "-headless" "-foreground" "-no-remote" "-profile" "/tmp/rust_mozprofileows4tN"
*** You are running in headless mode.
console.error: SearchCache: "_readCacheFile: Error reading cache file:" (new Error("", "(unknown module)"))
1602160093484	Marionette	INFO	Listening on port 45637
1602160093575	Marionette	WARN	TLS certificate errors will be ignored for this session
1602160129142	Marionette	INFO	Stopped listening on port 45637
1602178499260	geckodriver	INFO	Listening on 127.0.0.1:55789
1602178500276	mozrunner::runner	INFO	Running command: "/usr/bin/firefox" "--marionette" "-headless" "-foreground" "-no-remote" "-profile" "/tmp/rust_mozprofileEXfZ31"
*** You are running in headless mode.
console.error: SearchCache: "_readCacheFile: Error reading cache file:" (new Error("", "(unknown module)"))
1602178504162	Marionette	INFO	Listening on port 33541
1602178504194	Marionette	WARN	TLS certificate errors will be ignored for this session
1602178506421	Marionette	INFO	Stopped listening on port 33541
1602178559291	geckodriver	INFO	Listening on 127.0.0.1:40833
1602178559300	mozrunner::runner	INFO	Running command: "/usr/bin/firefox" "--marionette" "-headless" "-foreground" "-no-remote" "-profile" "/tmp/rust_mozprofilety9Luo"
*** You are running in headless mode.
console.error: SearchCache: "_readCacheFile: Error reading cache file:" (new Error("", "(unknown module)"))
1602178561729	Marionette	INFO	Listening on port 35399
1602178561810	Marionette	WARN	TLS certificate errors will be ignored for this session
1602178563996	Marionette	INFO	Stopped listening on port 35399
1602180227486	geckodriver	INFO	Listening on 127.0.0.1:44985
1602180227493	mozrunner::runner	INFO	Running command: "/usr/bin/firefox" "--marionette" "-headless" "-foreground" "-no-remote" "-profile" "/tmp/rust_mozprofile8poptT"
*** You are running in headless mode.
console.error: SearchCache: "_readCacheFile: Error reading cache file:" (new Error("", "(unknown module)"))
1602180229619	Marionette	INFO	Listening on port 33999
1602180229709	Marionette	WARN	TLS certificate errors will be ignored for this session
1602180233960	Marionette	INFO	Stopped listening on port 33999
